2026/07/09 02:20:58 INFO genesis hash initialized network_id=0xae90fb58a4430d227366eda532bc98d2 network_name=openmodelpool-mainnet
2026/07/09 02:20:58 INFO encryption key loaded
2026/07/09 02:20:58 INFO config loaded path=data/config.json keys=15
time=2026-07-09T02:20:58.270+08:00 level=INFO msg="structured logger initialized" level=INFO log_file=data/access.log max_size_mb=50
time=2026-07-09T02:20:58.270+08:00 level=INFO msg="providers loaded" count=1
time=2026-07-09T02:20:58.270+08:00 level=INFO msg="usage records loaded" count=0
time=2026-07-09T02:20:58.270+08:00 level=WARN msg="xray binary not found, VMess proxy disabled"
time=2026-07-09T02:20:58.270+08:00 level=INFO msg="node identity loaded" node_id=mm-J2SEF6ZmUB4U14C8KwzBFr
time=2026-07-09T02:20:58.270+08:00 level=WARN msg="failed to load cached federation pool, starting fresh" error="open data/federation_pool.json: no such file or directory"
time=2026-07-09T02:20:58.270+08:00 level=INFO msg="federation manager initialized" enabled=true relay_enabled=true pool_version=0 nodes=0
time=2026-07-09T02:20:58.270+08:00 level=INFO msg="gossip manager initialized and running"
time=2026-07-09T02:20:58.270+08:00 level=INFO msg="reputation manager initialized" nodes=0
time=2026-07-09T02:20:58.270+08:00 level=INFO msg="allocation manager initialized" free_percent=50 network_percent=50
time=2026-07-09T02:20:58.270+08:00 level=INFO msg="federation refresh loop started" interval_s=300
time=2026-07-09T02:20:58.270+08:00 level=INFO msg="message manager initialized" inbox=0 outbox=0
time=2026-07-09T02:20:58.270+08:00 level=INFO msg="node weight manager initialized" overrides=0 approval_mode=auto token_budget=0
time=2026-07-09T02:20:58.270+08:00 level=INFO msg="invite manager initialized" issued=1 used=0
time=2026-07-09T02:20:58.270+08:00 level=INFO msg="DHT routing table initialized" node_id=mm-J2SEF6ZmUB4U14C8KwzBFr ring_pos=3143
time=2026-07-09T02:20:58.270+08:00 level=INFO msg="event bus initialized"
time=2026-07-09T02:20:58.270+08:00 level=INFO msg="metrics collector initialized"
time=2026-07-09T02:20:58.270+08:00 level=INFO msg="internal HTTP client initialized" max_idle_conns=100 idle_timeout=90s
time=2026-07-09T02:20:58.270+08:00 level=INFO msg="worker pool initialized" workers=50 queue_size=200
time=2026-07-09T02:20:58.270+08:00 level=INFO msg="concurrency limiter initialized" max_concurrent=100
time=2026-07-09T02:20:58.270+08:00 level=INFO msg="cleanup loop started" interval=5m
time=2026-07-09T02:20:58.270+08:00 level=INFO msg="performance optimization layer initialized"
time=2026-07-09T02:20:58.270+08:00 level=INFO msg="rate limiter initialized" global_qps=100 consumer_qps=20
time=2026-07-09T02:20:58.271+08:00 level=INFO msg="network manager initialized" mode=personal node_id=mmx-88f1816f8c48b70350e4b7bb51d218a4
time=2026-07-09T02:20:58.271+08:00 level=INFO msg="guest key store initialized" keys=1
time=2026-07-09T02:20:58.271+08:00 level=INFO msg="gossip loop started" interval_s=30
time=2026-07-09T02:20:58.271+08:00 level=INFO msg="algorithm chain loaded" blocks=1
time=2026-07-09T02:20:58.271+08:00 level=INFO msg="open key quota manager initialized"
time=2026-07-09T02:20:58.271+08:00 level=INFO msg="global pool initialized" participants=0 total_contributed=0
time=2026-07-09T02:20:58.271+08:00 level=INFO msg="region manager initialized"
time=2026-07-09T02:20:58.271+08:00 level=INFO msg="balance engine initialized"
time=2026-07-09T02:20:58.271+08:00 level=INFO msg="load balancer health check started" interval=30s
time=2026-07-09T02:20:58.271+08:00 level=INFO msg="load balancer initialized"
time=2026-07-09T02:20:58.271+08:00 level=INFO msg="heartbeat loop started" interval=1m0s
time=2026-07-09T02:20:58.271+08:00 level=INFO msg="health checker started" interval=5m0s
time=2026-07-09T02:20:58.271+08:00 level=INFO msg="balance loop started" interval=5m
time=2026-07-09T02:20:58.272+08:00 level=INFO msg="HTTPS enabled with Let's Encrypt auto-cert" domain=example.com
time=2026-07-09T02:20:58.272+08:00 level=INFO msg="Seed discovery service started" port=8001
time=2026-07-09T02:20:58.272+08:00 level=INFO msg="OpenModelPool Agent started" port=8000 providers=0
time=2026-07-09T02:20:58.272+08:00 level=ERROR msg="cloudflared not found in PATH" error="exec: \"cloudflared\": executable file not found in $PATH"
time=2026-07-09T02:20:58.272+08:00 level=INFO msg="HTTPS server starting" addr=:8443 domain=example.com
time=2026-07-09T02:20:58.756+08:00 level=WARN msg="initial federation refresh failed, falling back to peers" error="registry returned HTTP 404"
time=2026-07-09T02:21:01.274+08:00 level=INFO msg="self-registered in route table" node_id=mmx-88f1816f8c48b70350e4b7bb51d218a4 addresses=[https://example.com]
time=2026-07-09T02:21:12.359+08:00 level=INFO msg="http request" method=POST path=/v1/chat/completions status=404 latency_ms=0 consumer=admin remote=127.0.0.1:53228 user_agent=curl/7.81.0
time=2026-07-09T02:25:58.272+08:00 level=INFO msg="balance cycle completed" nodes=0 global_ratio=0 avg_balance=0 imbalance=0 duration_ms=0 note=""
time=2026-07-09T02:26:28.272+08:00 level=WARN msg="federation refresh from GitHub failed, falling back to peers" error="fetch registry: Get \"https://raw.githubusercontent.com/lisiyu/openmodelpool/main/federation/trust_pool.json\": context deadline exceeded (Client.Timeout exceeded while awaiting headers)"
time=2026-07-09T02:30:58.271+08:00 level=INFO msg="balance cycle completed" nodes=0 global_ratio=0 avg_balance=0 imbalance=0 duration_ms=0 note=""
time=2026-07-09T02:31:01.819+08:00 level=WARN msg="federation refresh from GitHub failed, falling back to peers" error="registry returned HTTP 429"
time=2026-07-09T02:35:58.273+08:00 level=INFO msg="balance cycle completed" nodes=0 global_ratio=0 avg_balance=0 imbalance=0 duration_ms=0 note=""
time=2026-07-09T02:36:01.720+08:00 level=WARN msg="federation refresh from GitHub failed, falling back to peers" error="registry returned HTTP 429"
time=2026-07-09T02:40:58.271+08:00 level=INFO msg="balance cycle completed" nodes=0 global_ratio=0 avg_balance=0 imbalance=0 duration_ms=0 note=""
time=2026-07-09T02:40:59.012+08:00 level=WARN msg="federation refresh from GitHub failed, falling back to peers" error="registry returned HTTP 404"
time=2026-07-09T02:45:58.271+08:00 level=INFO msg="balance cycle completed" nodes=0 global_ratio=0 avg_balance=0 imbalance=0 duration_ms=0 note=""
time=2026-07-09T02:46:28.274+08:00 level=WARN msg="federation refresh from GitHub failed, falling back to peers" error="fetch registry: Get \"https://raw.githubusercontent.com/lisiyu/openmodelpool/main/federation/trust_pool.json\": context deadline exceeded (Client.Timeout exceeded while awaiting headers)"
time=2026-07-09T02:50:58.272+08:00 level=INFO msg="balance cycle completed" nodes=0 global_ratio=0 avg_balance=0 imbalance=0 duration_ms=0 note=""
time=2026-07-09T02:51:28.271+08:00 level=WARN msg="federation refresh from GitHub failed, falling back to peers" error="fetch registry: Get \"https://raw.githubusercontent.com/lisiyu/openmodelpool/main/federation/trust_pool.json\": context deadline exceeded (Client.Timeout exceeded while awaiting headers)"
time=2026-07-09T02:55:58.272+08:00 level=INFO msg="balance cycle completed" nodes=0 global_ratio=0 avg_balance=0 imbalance=0 duration_ms=0 note=""
time=2026-07-09T02:56:28.272+08:00 level=WARN msg="federation refresh from GitHub failed, falling back to peers" error="fetch registry: Get \"https://raw.githubusercontent.com/lisiyu/openmodelpool/main/federation/trust_pool.json\": context deadline exceeded (Client.Timeout exceeded while awaiting headers)"
time=2026-07-09T03:00:58.271+08:00 level=INFO msg="balance cycle completed" nodes=0 global_ratio=0 avg_balance=0 imbalance=0 duration_ms=0 note=""
time=2026-07-09T03:01:16.711+08:00 level=WARN msg="federation refresh from GitHub failed, falling back to peers" error="registry returned HTTP 429"
time=2026-07-09T03:05:58.272+08:00 level=INFO msg="balance cycle completed" nodes=0 global_ratio=0 avg_balance=0 imbalance=0 duration_ms=0 note=""
time=2026-07-09T03:06:01.947+08:00 level=WARN msg="federation refresh from GitHub failed, falling back to peers" error="registry returned HTTP 429"
time=2026-07-09T03:10:58.271+08:00 level=INFO msg="balance cycle completed" nodes=0 global_ratio=0 avg_balance=0 imbalance=0 duration_ms=0 note=""
time=2026-07-09T03:11:01.942+08:00 level=WARN msg="federation refresh from GitHub failed, falling back to peers" error="registry returned HTTP 429"
time=2026-07-09T03:15:58.271+08:00 level=INFO msg="balance cycle completed" nodes=0 global_ratio=0 avg_balance=0 imbalance=0 duration_ms=0 note=""
time=2026-07-09T03:16:28.272+08:00 level=WARN msg="federation refresh from GitHub failed, falling back to peers" error="fetch registry: Get \"https://raw.githubusercontent.com/lisiyu/openmodelpool/main/federation/trust_pool.json\": context deadline exceeded (Client.Timeout exceeded while awaiting headers)"
time=2026-07-09T03:20:58.272+08:00 level=INFO msg="balance cycle completed" nodes=0 global_ratio=0 avg_balance=0 imbalance=0 duration_ms=0 note=""
time=2026-07-09T03:21:01.944+08:00 level=WARN msg="federation refresh from GitHub failed, falling back to peers" error="registry returned HTTP 429"
time=2026-07-09T03:25:58.271+08:00 level=INFO msg="balance cycle completed" nodes=0 global_ratio=0 avg_balance=0 imbalance=0 duration_ms=0 note=""
time=2026-07-09T03:26:01.916+08:00 level=WARN msg="federation refresh from GitHub failed, falling back to peers" error="registry returned HTTP 429"
time=2026-07-09T03:30:58.272+08:00 level=INFO msg="balance cycle completed" nodes=0 global_ratio=0 avg_balance=0 imbalance=0 duration_ms=0 note=""
time=2026-07-09T03:31:01.807+08:00 level=WARN msg="federation refresh from GitHub failed, falling back to peers" error="registry returned HTTP 429"
time=2026-07-09T03:35:58.271+08:00 level=INFO msg="balance cycle completed" nodes=0 global_ratio=0 avg_balance=0 imbalance=0 duration_ms=0 note=""
time=2026-07-09T03:36:01.719+08:00 level=WARN msg="federation refresh from GitHub failed, falling back to peers" error="registry returned HTTP 429"
time=2026-07-09T03:40:58.271+08:00 level=INFO msg="balance cycle completed" nodes=0 global_ratio=0 avg_balance=0 imbalance=0 duration_ms=0 note=""
time=2026-07-09T03:41:28.272+08:00 level=WARN msg="federation refresh from GitHub failed, falling back to peers" error="fetch registry: Get \"https://raw.githubusercontent.com/lisiyu/openmodelpool/main/federation/trust_pool.json\": context deadline exceeded (Client.Timeout exceeded while awaiting headers)"
time=2026-07-09T03:45:58.272+08:00 level=INFO msg="balance cycle completed" nodes=0 global_ratio=0 avg_balance=0 imbalance=0 duration_ms=0 note=""
time=2026-07-09T03:46:01.727+08:00 level=WARN msg="federation refresh from GitHub failed, falling back to peers" error="registry returned HTTP 429"
time=2026-07-09T03:50:58.273+08:00 level=INFO msg="balance cycle completed" nodes=0 global_ratio=0 avg_balance=0 imbalance=0 duration_ms=0 note=""
time=2026-07-09T03:51:01.735+08:00 level=WARN msg="federation refresh from GitHub failed, falling back to peers" error="registry returned HTTP 429"
time=2026-07-09T03:55:58.271+08:00 level=INFO msg="balance cycle completed" nodes=0 global_ratio=0 avg_balance=0 imbalance=0 duration_ms=0 note=""
time=2026-07-09T03:55:58.920+08:00 level=WARN msg="federation refresh from GitHub failed, falling back to peers" error="registry returned HTTP 404"
time=2026-07-09T04:00:58.271+08:00 level=INFO msg="balance cycle completed" nodes=0 global_ratio=0 avg_balance=0 imbalance=0 duration_ms=0 note=""
time=2026-07-09T04:01:01.729+08:00 level=WARN msg="federation refresh from GitHub failed, falling back to peers" error="registry returned HTTP 429"
time=2026-07-09T04:05:58.272+08:00 level=INFO msg="balance cycle completed" nodes=0 global_ratio=0 avg_balance=0 imbalance=0 duration_ms=0 note=""
time=2026-07-09T04:06:28.273+08:00 level=WARN msg="federation refresh from GitHub failed, falling back to peers" error="fetch registry: Get \"https://raw.githubusercontent.com/lisiyu/openmodelpool/main/federation/trust_pool.json\": context deadline exceeded (Client.Timeout exceeded while awaiting headers)"
time=2026-07-09T04:10:58.272+08:00 level=INFO msg="balance cycle completed" nodes=0 global_ratio=0 avg_balance=0 imbalance=0 duration_ms=0 note=""
time=2026-07-09T04:11:05.514+08:00 level=INFO msg="http request" method=GET path=/favicon.ico status=200 latency_ms=8 consumer=admin remote=127.0.0.1:40482 user_agent="Mozilla/5.0 (Windows NT 10.0; WOW64) AppleWebKit/537.36 (KHTML, like Gecko) Chrome/129.0.3904.108 Safari/537.36"
time=2026-07-09T04:11:07.590+08:00 level=INFO msg="http request" method=GET path=/favicon.ico status=200 latency_ms=0 consumer=admin remote=127.0.0.1:40482 user_agent="Mozilla/5.0 (Windows NT 10.0; WOW64) AppleWebKit/537.36 (KHTML, like Gecko) Chrome/129.0.3904.108 Safari/537.36"
time=2026-07-09T04:11:08.754+08:00 level=WARN msg="federation refresh from GitHub failed, falling back to peers" error="registry returned HTTP 404"
time=2026-07-09T04:11:30.716+08:00 level=INFO msg="http request" method=GET path=/favicon.ico status=200 latency_ms=0 consumer=admin remote=127.0.0.1:40482 user_agent="Mozilla/5.0 (Windows NT 10.0; WOW64) AppleWebKit/537.36 (KHTML, like Gecko) Chrome/129.0.3904.108 Safari/537.36"
time=2026-07-09T04:11:32.327+08:00 level=INFO msg="http request" method=GET path=/favicon.ico status=200 latency_ms=0 consumer=admin remote=127.0.0.1:40482 user_agent="Mozilla/5.0 (Windows NT 10.0; WOW64) AppleWebKit/537.36 (KHTML, like Gecko) Chrome/129.0.3904.108 Safari/537.36"
time=2026-07-09T04:11:34.036+08:00 level=INFO msg="http request" method=GET path=/favicon.ico status=200 latency_ms=0 consumer=admin remote=127.0.0.1:40482 user_agent="Mozilla/5.0 (Windows NT 10.0; Win64; x64) AppleWebKit/537.36 (KHTML, like Gecko) Chrome/120.0.0.0 Safari/537.36"
time=2026-07-09T04:15:58.272+08:00 level=INFO msg="balance cycle completed" nodes=0 global_ratio=0 avg_balance=0 imbalance=0 duration_ms=0 note=""
time=2026-07-09T04:16:01.718+08:00 level=WARN msg="federation refresh from GitHub failed, falling back to peers" error="registry returned HTTP 429"
time=2026-07-09T04:20:58.272+08:00 level=INFO msg="balance cycle completed" nodes=0 global_ratio=0 avg_balance=0 imbalance=0 duration_ms=0 note=""
time=2026-07-09T04:21:09.394+08:00 level=WARN msg="federation refresh from GitHub failed, falling back to peers" error="registry returned HTTP 429"
time=2026-07-09T04:25:09.241+08:00 level=INFO msg="http request" method=GET path=/favicon.ico status=200 latency_ms=0 consumer=admin remote=127.0.0.1:55006 user_agent="Mozilla/5.0 (Windows NT 10.0; WOW64) AppleWebKit/537.36 (KHTML, like Gecko) Chrome/129.0.3904.108 Safari/537.36"
time=2026-07-09T04:25:11.261+08:00 level=INFO msg="http request" method=GET path=/favicon.ico status=200 latency_ms=0 consumer=admin remote=127.0.0.1:55006 user_agent="Mozilla/5.0 (Windows NT 10.0; WOW64) AppleWebKit/537.36 (KHTML, like Gecko) Chrome/129.0.3904.108 Safari/537.36"
time=2026-07-09T04:25:58.271+08:00 level=INFO msg="balance cycle completed" nodes=0 global_ratio=0 avg_balance=0 imbalance=0 duration_ms=0 note=""
time=2026-07-09T04:26:28.272+08:00 level=WARN msg="federation refresh from GitHub failed, falling back to peers" error="fetch registry: Get \"https://raw.githubusercontent.com/lisiyu/openmodelpool/main/federation/trust_pool.json\": context deadline exceeded (Client.Timeout exceeded while awaiting headers)"
time=2026-07-09T04:30:58.271+08:00 level=INFO msg="balance cycle completed" nodes=0 global_ratio=0 avg_balance=0 imbalance=0 duration_ms=0 note=""
time=2026-07-09T04:31:02.384+08:00 level=WARN msg="federation refresh from GitHub failed, falling back to peers" error="registry returned HTTP 429"
time=2026-07-09T04:35:58.271+08:00 level=INFO msg="balance cycle completed" nodes=0 global_ratio=0 avg_balance=0 imbalance=0 duration_ms=0 note=""
time=2026-07-09T04:36:28.272+08:00 level=WARN msg="federation refresh from GitHub failed, falling back to peers" error="fetch registry: Get \"https://raw.githubusercontent.com/lisiyu/openmodelpool/main/federation/trust_pool.json\": context deadline exceeded (Client.Timeout exceeded while awaiting headers)"
time=2026-07-09T04:40:58.272+08:00 level=INFO msg="balance cycle completed" nodes=0 global_ratio=0 avg_balance=0 imbalance=0 duration_ms=0 note=""
time=2026-07-09T04:41:09.422+08:00 level=WARN msg="federation refresh from GitHub failed, falling back to peers" error="registry returned HTTP 429"
time=2026-07-09T04:45:58.272+08:00 level=INFO msg="balance cycle completed" nodes=0 global_ratio=0 avg_balance=0 imbalance=0 duration_ms=0 note=""
time=2026-07-09T04:46:28.273+08:00 level=WARN msg="federation refresh from GitHub failed, falling back to peers" error="fetch registry: Get \"https://raw.githubusercontent.com/lisiyu/openmodelpool/main/federation/trust_pool.json\": context deadline exceeded (Client.Timeout exceeded while awaiting headers)"
time=2026-07-09T04:50:58.271+08:00 level=INFO msg="balance cycle completed" nodes=0 global_ratio=0 avg_balance=0 imbalance=0 duration_ms=0 note=""
time=2026-07-09T04:51:09.437+08:00 level=WARN msg="federation refresh from GitHub failed, falling back to peers" error="registry returned HTTP 429"
time=2026-07-09T04:55:58.272+08:00 level=INFO msg="balance cycle completed" nodes=0 global_ratio=0 avg_balance=0 imbalance=0 duration_ms=0 note=""
time=2026-07-09T04:56:01.938+08:00 level=WARN msg="federation refresh from GitHub failed, falling back to peers" error="registry returned HTTP 429"
time=2026-07-09T05:00:58.271+08:00 level=INFO msg="balance cycle completed" nodes=0 global_ratio=0 avg_balance=0 imbalance=0 duration_ms=0 note=""
time=2026-07-09T05:01:28.272+08:00 level=WARN msg="federation refresh from GitHub failed, falling back to peers" error="fetch registry: Get \"https://raw.githubusercontent.com/lisiyu/openmodelpool/main/federation/trust_pool.json\": context deadline exceeded (Client.Timeout exceeded while awaiting headers)"
time=2026-07-09T05:05:58.271+08:00 level=INFO msg="balance cycle completed" nodes=0 global_ratio=0 avg_balance=0 imbalance=0 duration_ms=0 note=""
time=2026-07-09T05:06:02.124+08:00 level=WARN msg="federation refresh from GitHub failed, falling back to peers" error="registry returned HTTP 429"
time=2026-07-09T05:10:58.272+08:00 level=INFO msg="balance cycle completed" nodes=0 global_ratio=0 avg_balance=0 imbalance=0 duration_ms=0 note=""
time=2026-07-09T05:11:01.740+08:00 level=WARN msg="federation refresh from GitHub failed, falling back to peers" error="registry returned HTTP 429"
time=2026-07-09T05:15:58.271+08:00 level=INFO msg="balance cycle completed" nodes=0 global_ratio=0 avg_balance=0 imbalance=0 duration_ms=0 note=""
time=2026-07-09T05:16:01.746+08:00 level=WARN msg="federation refresh from GitHub failed, falling back to peers" error="registry returned HTTP 429"
time=2026-07-09T05:20:58.272+08:00 level=INFO msg="balance cycle completed" nodes=0 global_ratio=0 avg_balance=0 imbalance=0 duration_ms=0 note=""
time=2026-07-09T05:21:01.935+08:00 level=WARN msg="federation refresh from GitHub failed, falling back to peers" error="registry returned HTTP 429"
time=2026-07-09T05:25:58.272+08:00 level=INFO msg="balance cycle completed" nodes=0 global_ratio=0 avg_balance=0 imbalance=0 duration_ms=0 note=""
time=2026-07-09T05:26:01.708+08:00 level=WARN msg="federation refresh from GitHub failed, falling back to peers" error="registry returned HTTP 429"
time=2026-07-09T05:30:58.272+08:00 level=INFO msg="balance cycle completed" nodes=0 global_ratio=0 avg_balance=0 imbalance=0 duration_ms=0 note=""
time=2026-07-09T05:31:28.271+08:00 level=WARN msg="federation refresh from GitHub failed, falling back to peers" error="fetch registry: Get \"https://raw.githubusercontent.com/lisiyu/openmodelpool/main/federation/trust_pool.json\": context deadline exceeded (Client.Timeout exceeded while awaiting headers)"
time=2026-07-09T05:35:58.272+08:00 level=INFO msg="balance cycle completed" nodes=0 global_ratio=0 avg_balance=0 imbalance=0 duration_ms=0 note=""
time=2026-07-09T05:36:01.707+08:00 level=WARN msg="federation refresh from GitHub failed, falling back to peers" error="registry returned HTTP 429"
time=2026-07-09T05:40:58.271+08:00 level=INFO msg="balance cycle completed" nodes=0 global_ratio=0 avg_balance=0 imbalance=0 duration_ms=0 note=""
time=2026-07-09T05:41:01.913+08:00 level=WARN msg="federation refresh from GitHub failed, falling back to peers" error="registry returned HTTP 429"
time=2026-07-09T05:45:58.271+08:00 level=INFO msg="balance cycle completed" nodes=0 global_ratio=0 avg_balance=0 imbalance=0 duration_ms=0 note=""
time=2026-07-09T05:46:01.724+08:00 level=WARN msg="federation refresh from GitHub failed, falling back to peers" error="registry returned HTTP 429"
time=2026-07-09T05:50:58.271+08:00 level=INFO msg="balance cycle completed" nodes=0 global_ratio=0 avg_balance=0 imbalance=0 duration_ms=0 note=""
time=2026-07-09T05:51:01.930+08:00 level=WARN msg="federation refresh from GitHub failed, falling back to peers" error="registry returned HTTP 429"
time=2026-07-09T05:55:58.272+08:00 level=INFO msg="balance cycle completed" nodes=0 global_ratio=0 avg_balance=0 imbalance=0 duration_ms=0 note=""
time=2026-07-09T05:56:01.914+08:00 level=WARN msg="federation refresh from GitHub failed, falling back to peers" error="registry returned HTTP 429"
time=2026-07-09T06:00:58.272+08:00 level=INFO msg="balance cycle completed" nodes=0 global_ratio=0 avg_balance=0 imbalance=0 duration_ms=0 note=""
time=2026-07-09T06:01:09.555+08:00 level=WARN msg="federation refresh from GitHub failed, falling back to peers" error="registry returned HTTP 429"
time=2026-07-09T06:05:58.272+08:00 level=INFO msg="balance cycle completed" nodes=0 global_ratio=0 avg_balance=0 imbalance=0 duration_ms=0 note=""
time=2026-07-09T06:06:02.447+08:00 level=WARN msg="federation refresh from GitHub failed, falling back to peers" error="registry returned HTTP 429"
time=2026-07-09T06:10:58.271+08:00 level=INFO msg="balance cycle completed" nodes=0 global_ratio=0 avg_balance=0 imbalance=0 duration_ms=0 note=""
time=2026-07-09T06:11:09.282+08:00 level=WARN msg="federation refresh from GitHub failed, falling back to peers" error="registry returned HTTP 429"
time=2026-07-09T06:15:58.273+08:00 level=INFO msg="balance cycle completed" nodes=0 global_ratio=0 avg_balance=0 imbalance=0 duration_ms=0 note=""
time=2026-07-09T06:16:28.273+08:00 level=WARN msg="federation refresh from GitHub failed, falling back to peers" error="fetch registry: Get \"https://raw.githubusercontent.com/lisiyu/openmodelpool/main/federation/trust_pool.json\": context deadline exceeded (Client.Timeout exceeded while awaiting headers)"
time=2026-07-09T06:20:58.271+08:00 level=INFO msg="balance cycle completed" nodes=0 global_ratio=0 avg_balance=0 imbalance=0 duration_ms=0 note=""
time=2026-07-09T06:21:01.714+08:00 level=WARN msg="federation refresh from GitHub failed, falling back to peers" error="registry returned HTTP 429"
time=2026-07-09T06:25:58.272+08:00 level=INFO msg="balance cycle completed" nodes=0 global_ratio=0 avg_balance=0 imbalance=0 duration_ms=0 note=""
time=2026-07-09T06:26:01.935+08:00 level=WARN msg="federation refresh from GitHub failed, falling back to peers" error="registry returned HTTP 429"
time=2026-07-09T06:30:58.271+08:00 level=INFO msg="balance cycle completed" nodes=0 global_ratio=0 avg_balance=0 imbalance=0 duration_ms=0 note=""
time=2026-07-09T06:31:28.272+08:00 level=WARN msg="federation refresh from GitHub failed, falling back to peers" error="fetch registry: Get \"https://raw.githubusercontent.com/lisiyu/openmodelpool/main/federation/trust_pool.json\": context deadline exceeded (Client.Timeout exceeded while awaiting headers)"
time=2026-07-09T06:35:58.272+08:00 level=INFO msg="balance cycle completed" nodes=0 global_ratio=0 avg_balance=0 imbalance=0 duration_ms=0 note=""
time=2026-07-09T06:36:28.273+08:00 level=WARN msg="federation refresh from GitHub failed, falling back to peers" error="fetch registry: Get \"https://raw.githubusercontent.com/lisiyu/openmodelpool/main/federation/trust_pool.json\": context deadline exceeded (Client.Timeout exceeded while awaiting headers)"
time=2026-07-09T06:40:58.273+08:00 level=INFO msg="balance cycle completed" nodes=0 global_ratio=0 avg_balance=0 imbalance=0 duration_ms=0 note=""
time=2026-07-09T06:41:01.914+08:00 level=WARN msg="federation refresh from GitHub failed, falling back to peers" error="registry returned HTTP 429"
time=2026-07-09T06:45:58.272+08:00 level=INFO msg="balance cycle completed" nodes=0 global_ratio=0 avg_balance=0 imbalance=0 duration_ms=0 note=""
time=2026-07-09T06:46:28.271+08:00 level=WARN msg="federation refresh from GitHub failed, falling back to peers" error="fetch registry: Get \"https://raw.githubusercontent.com/lisiyu/openmodelpool/main/federation/trust_pool.json\": context deadline exceeded (Client.Timeout exceeded while awaiting headers)"
time=2026-07-09T06:50:58.273+08:00 level=INFO msg="balance cycle completed" nodes=0 global_ratio=0 avg_balance=0 imbalance=0 duration_ms=0 note=""
time=2026-07-09T06:51:01.928+08:00 level=WARN msg="federation refresh from GitHub failed, falling back to peers" error="registry returned HTTP 429"
time=2026-07-09T06:55:58.272+08:00 level=INFO msg="balance cycle completed" nodes=0 global_ratio=0 avg_balance=0 imbalance=0 duration_ms=0 note=""
time=2026-07-09T06:56:28.272+08:00 level=WARN msg="federation refresh from GitHub failed, falling back to peers" error="fetch registry: Get \"https://raw.githubusercontent.com/lisiyu/openmodelpool/main/federation/trust_pool.json\": context deadline exceeded (Client.Timeout exceeded while awaiting headers)"
time=2026-07-09T07:00:58.272+08:00 level=INFO msg="balance cycle completed" nodes=0 global_ratio=0 avg_balance=0 imbalance=0 duration_ms=0 note=""
time=2026-07-09T07:01:28.271+08:00 level=WARN msg="federation refresh from GitHub failed, falling back to peers" error="fetch registry: Get \"https://raw.githubusercontent.com/lisiyu/openmodelpool/main/federation/trust_pool.json\": context deadline exceeded (Client.Timeout exceeded while awaiting headers)"
time=2026-07-09T07:05:58.271+08:00 level=INFO msg="balance cycle completed" nodes=0 global_ratio=0 avg_balance=0 imbalance=0 duration_ms=0 note=""
time=2026-07-09T07:06:01.934+08:00 level=WARN msg="federation refresh from GitHub failed, falling back to peers" error="registry returned HTTP 429"
time=2026-07-09T07:10:58.272+08:00 level=INFO msg="balance cycle completed" nodes=0 global_ratio=0 avg_balance=0 imbalance=0 duration_ms=0 note=""
time=2026-07-09T07:11:02.140+08:00 level=WARN msg="federation refresh from GitHub failed, falling back to peers" error="registry returned HTTP 429"
time=2026-07-09T07:15:58.273+08:00 level=INFO msg="balance cycle completed" nodes=0 global_ratio=0 avg_balance=0 imbalance=0 duration_ms=0 note=""
time=2026-07-09T07:16:28.273+08:00 level=WARN msg="federation refresh from GitHub failed, falling back to peers" error="fetch registry: Get \"https://raw.githubusercontent.com/lisiyu/openmodelpool/main/federation/trust_pool.json\": context deadline exceeded (Client.Timeout exceeded while awaiting headers)"
time=2026-07-09T07:20:58.272+08:00 level=INFO msg="balance cycle completed" nodes=0 global_ratio=0 avg_balance=0 imbalance=0 duration_ms=0 note=""
time=2026-07-09T07:21:28.273+08:00 level=WARN msg="federation refresh from GitHub failed, falling back to peers" error="fetch registry: Get \"https://raw.githubusercontent.com/lisiyu/openmodelpool/main/federation/trust_pool.json\": context deadline exceeded (Client.Timeout exceeded while awaiting headers)"
time=2026-07-09T07:25:58.271+08:00 level=INFO msg="balance cycle completed" nodes=0 global_ratio=0 avg_balance=0 imbalance=0 duration_ms=0 note=""
time=2026-07-09T07:26:28.272+08:00 level=WARN msg="federation refresh from GitHub failed, falling back to peers" error="fetch registry: Get \"https://raw.githubusercontent.com/lisiyu/openmodelpool/main/federation/trust_pool.json\": context deadline exceeded (Client.Timeout exceeded while awaiting headers)"
time=2026-07-09T07:30:58.271+08:00 level=INFO msg="balance cycle completed" nodes=0 global_ratio=0 avg_balance=0 imbalance=0 duration_ms=0 note=""
time=2026-07-09T07:31:28.272+08:00 level=WARN msg="federation refresh from GitHub failed, falling back to peers" error="fetch registry: Get \"https://raw.githubusercontent.com/lisiyu/openmodelpool/main/federation/trust_pool.json\": context deadline exceeded (Client.Timeout exceeded while awaiting headers)"
